<?xml version="1.0" encoding="UTF-8"?>
<testng-results ignored="0" total="2" passed="2" failed="0" skipped="0">
  <reporter-output>
  </reporter-output>
  <suite started-at="2020-10-04T14:01:33 GMT+05:30" name="Default suite" finished-at="2020-10-04T14:01:38 GMT+05:30" duration-ms="5809">
    <groups>
    </groups>
    <test started-at="2020-10-04T14:01:33 GMT+05:30" name="Default test" finished-at="2020-10-04T14:01:38 GMT+05:30" duration-ms="5809">
      <class name="testing_class_files.Test01_GET">
        <test-method signature="test01()[pri:0, instance:testing_class_files.Test01_GET@3c9d0b9d]" started-at="2020-10-04T14:01:33 GMT+05:30" name="test01" finished-at="2020-10-04T14:01:37 GMT+05:30" duration-ms="4329" status="PASS">
          <reporter-output>
          </reporter-output>
        </test-method> <!-- test01 -->
        <test-method signature="test02()[pri:0, instance:testing_class_files.Test01_GET@3c9d0b9d]" started-at="2020-10-04T14:01:37 GMT+05:30" name="test02" finished-at="2020-10-04T14:01:38 GMT+05:30" duration-ms="1387" status="PASS">
          <reporter-output>
          </reporter-output>
        </test-method> <!-- test02 -->
      </class> <!-- testing_class_files.Test01_GET -->
    </test> <!-- Default test -->
  </suite> <!-- Default suite -->
</testng-results>
